[2025-04-12T21:53:56.109+0000] {manager.py:483} INFO - Processing files using up to 2 processes at a time 
[2025-04-12T21:53:56.109+0000] {manager.py:484} INFO - Process each file at most once every 30 seconds
[2025-04-12T21:53:56.109+0000] {manager.py:485} INFO - Checking for new files in /opt/airflow/dags every 300 seconds
[2025-04-12T21:53:56.110+0000] {manager.py:821} INFO - Searching for files in /opt/airflow/dags
[2025-04-12T21:53:56.110+0000] {manager.py:824} INFO - There are 0 files in /opt/airflow/dags
[2025-04-12T21:58:33.609+0000] {manager.py:483} INFO - Processing files using up to 2 processes at a time 
[2025-04-12T21:58:33.609+0000] {manager.py:484} INFO - Process each file at most once every 30 seconds
[2025-04-12T21:58:33.609+0000] {manager.py:485} INFO - Checking for new files in /opt/airflow/dags every 300 seconds
[2025-04-12T21:58:33.610+0000] {manager.py:821} INFO - Searching for files in /opt/airflow/dags
[2025-04-12T21:58:33.610+0000] {manager.py:824} INFO - There are 0 files in /opt/airflow/dags
[2025-04-12T22:00:03.833+0000] {manager.py:483} INFO - Processing files using up to 2 processes at a time 
[2025-04-12T22:00:03.835+0000] {manager.py:484} INFO - Process each file at most once every 30 seconds
[2025-04-12T22:00:03.835+0000] {manager.py:485} INFO - Checking for new files in /opt/airflow/dags every 300 seconds
[2025-04-12T22:00:03.835+0000] {manager.py:821} INFO - Searching for files in /opt/airflow/dags
[2025-04-12T22:00:03.836+0000] {manager.py:824} INFO - There are 0 files in /opt/airflow/dags
[2025-04-12T22:05:03.853+0000] {manager.py:821} INFO - Searching for files in /opt/airflow/dags
[2025-04-12T22:05:03.853+0000] {manager.py:824} INFO - There are 0 files in /opt/airflow/dags
[2025-04-12T22:10:03.917+0000] {manager.py:821} INFO - Searching for files in /opt/airflow/dags
[2025-04-12T22:10:03.917+0000] {manager.py:824} INFO - There are 0 files in /opt/airflow/dags
[2025-04-12T22:15:03.923+0000] {manager.py:821} INFO - Searching for files in /opt/airflow/dags
[2025-04-12T22:15:03.923+0000] {manager.py:824} INFO - There are 0 files in /opt/airflow/dags
[2025-04-12T22:20:04.913+0000] {manager.py:821} INFO - Searching for files in /opt/airflow/dags
[2025-04-12T22:20:04.913+0000] {manager.py:824} INFO - There are 0 files in /opt/airflow/dags
[2025-04-12T22:25:04.944+0000] {manager.py:821} INFO - Searching for files in /opt/airflow/dags
[2025-04-12T22:25:04.944+0000] {manager.py:824} INFO - There are 0 files in /opt/airflow/dags
[2025-04-12T22:30:04.966+0000] {manager.py:821} INFO - Searching for files in /opt/airflow/dags
[2025-04-12T22:30:04.966+0000] {manager.py:824} INFO - There are 0 files in /opt/airflow/dags
[2025-04-12T22:35:04.976+0000] {manager.py:821} INFO - Searching for files in /opt/airflow/dags
[2025-04-12T22:35:04.976+0000] {manager.py:824} INFO - There are 0 files in /opt/airflow/dags
[2025-04-12T22:40:05.000+0000] {manager.py:821} INFO - Searching for files in /opt/airflow/dags
[2025-04-12T22:40:05.001+0000] {manager.py:824} INFO - There are 0 files in /opt/airflow/dags
[2025-04-12T22:45:05.020+0000] {manager.py:821} INFO - Searching for files in /opt/airflow/dags
[2025-04-12T22:45:05.021+0000] {manager.py:824} INFO - There are 0 files in /opt/airflow/dags
[2025-04-12T22:50:06.010+0000] {manager.py:821} INFO - Searching for files in /opt/airflow/dags
[2025-04-12T22:50:06.010+0000] {manager.py:824} INFO - There are 0 files in /opt/airflow/dags
[2025-04-12T22:55:07.004+0000] {manager.py:821} INFO - Searching for files in /opt/airflow/dags
[2025-04-12T22:55:07.005+0000] {manager.py:824} INFO - There are 0 files in /opt/airflow/dags
[2025-04-12T23:00:07.979+0000] {manager.py:821} INFO - Searching for files in /opt/airflow/dags
[2025-04-12T23:00:07.979+0000] {manager.py:824} INFO - There are 0 files in /opt/airflow/dags
[2025-04-12T23:05:08.975+0000] {manager.py:821} INFO - Searching for files in /opt/airflow/dags
[2025-04-12T23:05:08.975+0000] {manager.py:824} INFO - There are 0 files in /opt/airflow/dags
[2025-04-12T23:10:08.984+0000] {manager.py:821} INFO - Searching for files in /opt/airflow/dags
[2025-04-12T23:10:08.984+0000] {manager.py:824} INFO - There are 0 files in /opt/airflow/dags
[2025-04-12T23:15:08.984+0000] {manager.py:821} INFO - Searching for files in /opt/airflow/dags
[2025-04-12T23:15:08.984+0000] {manager.py:824} INFO - There are 0 files in /opt/airflow/dags
